<beans xmlns="http://www.springframework.org/schema/beans"
	xmlns:context="http://www.springframework.org/schema/context"
	xmlns:mvc="http://www.springframework.org/schema/mvc" xmlns:xsi="http://www.w3.org/2001/XMLSchema-instance"
	xmlns:tx="http://www.springframework.org/schema/tx"
	xsi:schemaLocation="
        http://www.springframework.org/schema/beans     
        http://www.springframework.org/schema/beans/spring-beans-3.2.xsd
        http://www.springframework.org/schema/context 
        http://www.springframework.org/schema/context/spring-context-3.2.xsd
        http://www.springframework.org/schema/mvc
        http://www.springframework.org/schema/mvc/spring-mvc-3.2.xsd
        http://www.springframework.org/schema/tx
        http://www.springframework.org/schema/tx/spring-tx-3.2.xsd">

	<!-- support JSR303 annotation if JSR 303 validation present on classpath -->
	<tx:annotation-driven />
	<mvc:annotation-driven />

	<bean id="dataSource" class="org.apache.commons.dbcp.BasicDataSource">
		<property name="driverClassName" value="org.h2.Driver" />
		<property name="url" value="jdbc:h2:mem:test;DB_CLOSE_DELAY=-1" />
		<property name="username" value="sa" />
		<property name="password" value="" />
	</bean>

	<bean name="sessionFactory"
		class="org.springframework.orm.hibernate3.annotation.AnnotationSessionFactoryBean"
		id="sessionFactory">
		<property name="dataSource" ref="dataSource" />
		<property name="mappingResources">
			<list>
				<value>User.hbm.xml</value>
				<value>Role.hbm.xml</value>
			</list>
		</property>
		<property name="hibernateProperties">
			<value>
				hibernate.dialect=org.hibernate.dialect.H2Dialect
				hibernate.show_sql=true
				hibernate.hbm2ddl.auto=create
			</value>
		</property>
	</bean>

	<bean id="roleDao"
		class="com.nixsolutions.nesterenko.laba16_hibernate.HibernateRoleDao" />
	<bean id="userDao"
		class="com.nixsolutions.nesterenko.laba16_hibernate.HibernateUserDao" />

	<bean id="transactionManager"
		class="org.springframework.orm.hibernate3.HibernateTransactionManager">
		<property name="sessionFactory" ref="sessionFactory" />
	</bean>
</beans>